<?xml version="1.0" encoding="UTF-8"?>
<!-- Generated by org.testng.reporters.JUnitReportReporter -->
<testsuite hostname="meluha" name="shop.gcrit.driver.ExecuteTest" tests="1" failures="0" timestamp="8 Mar 2016 12:55:11 GMT" time="54.088" errors="0">
  <testcase name="test" time="54.088" classname="shop.gcrit.driver.ExecuteTest"/>
</testsuite> <!-- shop.gcrit.driver.ExecuteTest -->
