<?xml version="1.0" encoding="UTF-8"?>
<!-- Generated by org.testng.reporters.JUnitReportReporter -->
<testsuite hostname="meluha" name="shop.gcrit.execute.ExecuteTest" tests="1" failures="0" timestamp="3 Mar 2016 19:12:00 GMT" time="0.034" errors="0">
  <testcase name="test" time="0.034" classname="shop.gcrit.execute.ExecuteTest"/>
</testsuite> <!-- shop.gcrit.execute.ExecuteTest -->
