<?xml version="1.0" encoding="UTF-8"?>
<!-- Generated by org.testng.reporters.JUnitReportReporter -->
<testsuite hostname="meluha" name="shop.gcrit.driver.ExecuteTest" tests="1" failures="0" timestamp="3 Mar 2016 23:07:09 GMT" time="36.456" errors="0">
  <testcase name="test" time="36.456" classname="shop.gcrit.driver.ExecuteTest"/>
</testsuite> <!-- shop.gcrit.driver.ExecuteTest -->
